running egg_info
writing ../../build/car/car.egg-info/PKG-INFO
writing dependency_links to ../../build/car/car.egg-info/dependency_links.txt
writing entry points to ../../build/car/car.egg-info/entry_points.txt
writing requirements to ../../build/car/car.egg-info/requires.txt
writing top-level names to ../../build/car/car.egg-info/top_level.txt
reading manifest file '../../build/car/car.egg-info/SOURCES.txt'
writing manifest file '../../build/car/car.egg-info/SOURCES.txt'
running build
running build_py
copying car/lys_node.py -> /home/hal/ros2/build/car/build/lib/car
running install
running install_lib
copying /home/hal/ros2/build/car/build/lib/car/lys_node.py -> /home/hal/ros2/install/car/lib/python3.9/site-packages/car
byte-compiling /home/hal/ros2/install/car/lib/python3.9/site-packages/car/lys_node.py to lys_node.cpython-39.pyc
running install_data
running install_egg_info
removing '/home/hal/ros2/install/car/lib/python3.9/site-packages/car-0.0.0-py3.9.egg-info' (and everything under it)
Copying ../../build/car/car.egg-info to /home/hal/ros2/install/car/lib/python3.9/site-packages/car-0.0.0-py3.9.egg-info
running install_scripts
Installing bevegelse script to /home/hal/ros2/install/car/lib/car
Installing klient script to /home/hal/ros2/install/car/lib/car
Installing lys script to /home/hal/ros2/install/car/lib/car
Installing motor script to /home/hal/ros2/install/car/lib/car
Installing tjeneste script to /home/hal/ros2/install/car/lib/car
writing list of installed files to '/home/hal/ros2/build/car/install.log'
