[4.208s] Invoking command in '/home/hal/ros2/src/car': PYTHONPATH=/home/hal/ros2/install/car/lib/python3.9/site-packages:${PYTHONPATH} /usr/bin/python3 setup.py egg_info --egg-base ../../build/car build --build-base /home/hal/ros2/build/car/build install --prefix /home/hal/ros2/install/car --record /home/hal/ros2/build/car/install.log --single-version-externally-managed
[5.632s] running egg_info
[5.635s] writing ../../build/car/car.egg-info/PKG-INFO
[5.636s] writing dependency_links to ../../build/car/car.egg-info/dependency_links.txt
[5.637s] writing entry points to ../../build/car/car.egg-info/entry_points.txt
[5.638s] writing requirements to ../../build/car/car.egg-info/requires.txt
[5.638s] writing top-level names to ../../build/car/car.egg-info/top_level.txt
[5.790s] reading manifest file '../../build/car/car.egg-info/SOURCES.txt'
[5.793s] writing manifest file '../../build/car/car.egg-info/SOURCES.txt'
[5.793s] running build
[5.794s] running build_py
[5.794s] copying car/lys_node.py -> /home/hal/ros2/build/car/build/lib/car
[5.796s] running install
[5.804s] running install_lib
[5.818s] copying /home/hal/ros2/build/car/build/lib/car/lys_node.py -> /home/hal/ros2/install/car/lib/python3.9/site-packages/car
[5.818s] byte-compiling /home/hal/ros2/install/car/lib/python3.9/site-packages/car/lys_node.py to lys_node.cpython-39.pyc
[5.821s] running install_data
[5.823s] running install_egg_info
[5.836s] removing '/home/hal/ros2/install/car/lib/python3.9/site-packages/car-0.0.0-py3.9.egg-info' (and everything under it)
[5.838s] Copying ../../build/car/car.egg-info to /home/hal/ros2/install/car/lib/python3.9/site-packages/car-0.0.0-py3.9.egg-info
[5.846s] running install_scripts
[5.960s] Installing bevegelse script to /home/hal/ros2/install/car/lib/car
[5.961s] Installing klient script to /home/hal/ros2/install/car/lib/car
[5.962s] Installing lys script to /home/hal/ros2/install/car/lib/car
[5.962s] Installing motor script to /home/hal/ros2/install/car/lib/car
[5.963s] Installing tjeneste script to /home/hal/ros2/install/car/lib/car
[5.965s] writing list of installed files to '/home/hal/ros2/build/car/install.log'
[6.081s] Invoked command in '/home/hal/ros2/src/car' returned '0': PYTHONPATH=/home/hal/ros2/install/car/lib/python3.9/site-packages:${PYTHONPATH} /usr/bin/python3 setup.py egg_info --egg-base ../../build/car build --build-base /home/hal/ros2/build/car/build install --prefix /home/hal/ros2/install/car --record /home/hal/ros2/build/car/install.log --single-version-externally-managed
