-- The C compiler identification is GNU 10.2.1
-- The CXX compiler identification is GNU 10.2.1
-- Detecting C compiler ABI info
-- Detecting C compiler ABI info - done
-- Check for working C compiler: /usr/bin/cc - skipped
-- Detecting C compile features
-- Detecting C compile features - done
-- Detecting CXX compiler ABI info
-- Detecting CXX compiler ABI info - done
-- Check for working CXX compiler: /usr/bin/c++ - skipped
-- Detecting CXX compile features
-- Detecting CXX compile features - done
-- Found ament_cmake: 1.3.2 (/opt/ros/humble/install/ament_cmake/share/ament_cmake/cmake)
-- Found Python3: /usr/bin/python3.9 (found version "3.9.2") found components: Interpreter 
-- Found rosidl_default_generators: 1.2.0 (/opt/ros/humble/install/rosidl_default_generators/share/rosidl_default_generators/cmake)
-- Using all available rosidl_typesupport_c: rosidl_typesupport_introspection_c;rosidl_typesupport_fastrtps_c
-- Found rosidl_adapter: 3.1.3 (/opt/ros/humble/install/rosidl_adapter/share/rosidl_adapter/cmake)
-- Using all available rosidl_typesupport_cpp: rosidl_typesupport_introspection_cpp;rosidl_typesupport_fastrtps_cpp
-- Found ament_cmake_ros: 0.10.0 (/opt/ros/humble/install/ament_cmake_ros/share/ament_cmake_ros/cmake)
-- Using all available rosidl_typesupport_c: rosidl_typesupport_introspection_c;rosidl_typesupport_fastrtps_c
-- Using all available rosidl_typesupport_cpp: rosidl_typesupport_introspection_cpp;rosidl_typesupport_fastrtps_cpp
-- Found PythonInterp: /usr/bin/python3 (found suitable version "3.9.2", minimum required is "3.6") 
-- Found python_cmake_module: 0.10.0 (/opt/ros/humble/install/python_cmake_module/share/python_cmake_module/cmake)
-- Found PythonLibs: /usr/lib/aarch64-linux-gnu/libpython3.9.so (found suitable version "3.9.2", minimum required is "3.5") 
-- Using PYTHON_EXECUTABLE: /usr/bin/python3
-- Using PYTHON_INCLUDE_DIRS: /usr/include/python3.9
-- Using PYTHON_LIBRARIES: /usr/lib/aarch64-linux-gnu/libpython3.9.so
-- Found PythonExtra: .so  
-- Configuring done
-- Generating done
-- Build files have been written to: /home/hal/ros2/build/car_sign
[  2%] [34m[1mGenerating C code for ROS interfaces[0m
[35m[1mScanning dependencies of target car_sign__cpp[0m
[35m[1mScanning dependencies of target ament_cmake_python_copy_car_sign[0m
[  5%] [34m[1mGenerating C++ code for ROS interfaces[0m
[  5%] Built target ament_cmake_python_copy_car_sign
[35m[1mScanning dependencies of target ament_cmake_python_build_car_sign_egg[0m
running egg_info
creating car_sign.egg-info
writing car_sign.egg-info/PKG-INFO
writing dependency_links to car_sign.egg-info/dependency_links.txt
writing top-level names to car_sign.egg-info/top_level.txt
writing manifest file 'car_sign.egg-info/SOURCES.txt'
reading manifest file 'car_sign.egg-info/SOURCES.txt'
writing manifest file 'car_sign.egg-info/SOURCES.txt'
[35m[1mScanning dependencies of target car_sign__rosidl_generator_c[0m
[  5%] Built target ament_cmake_python_build_car_sign_egg
[  7%] [32mBuilding C object CMakeFiles/car_sign__rosidl_generator_c.dir/rosidl_generator_c/car_sign/srv/detail/car_brytertilstand__functions.c.o[0m
[  7%] Built target car_sign__cpp
[ 10%] [32mBuilding C object CMakeFiles/car_sign__rosidl_generator_c.dir/rosidl_generator_c/car_sign/msg/detail/motor_tilstand__functions.c.o[0m
[ 12%] [34m[1mGenerating C++ introspection for ROS interfaces[0m
[ 15%] [34m[1mGenerating C++ type support for eProsima Fast-RTPS[0m
[ 17%] [34m[1mGenerating C++ type support dispatch for ROS interfaces[0m
[ 20%] [32m[1mLinking C shared library libcar_sign__rosidl_generator_c.so[0m
[ 20%] Built target car_sign__rosidl_generator_c
[ 23%] [34m[1mGenerating C type support dispatch for ROS interfaces[0m
[35m[1mScanning dependencies of target car_sign__rosidl_typesupport_cpp[0m
[35m[1mScanning dependencies of target car_sign__rosidl_typesupport_introspection_cpp[0m
[35m[1mScanning dependencies of target car_sign__rosidl_typesupport_fastrtps_cpp[0m
[ 25%] [32mBuilding CXX object CMakeFiles/car_sign__rosidl_typesupport_cpp.dir/rosidl_typesupport_cpp/car_sign/srv/car_brytertilstand__type_support.cpp.o[0m
[ 28%] [32mBuilding CXX object CMakeFiles/car_sign__rosidl_typesupport_introspection_cpp.dir/rosidl_typesupport_introspection_cpp/car_sign/srv/detail/car_brytertilstand__type_support.cpp.o[0m
[ 30%] [32mBuilding CXX object CMakeFiles/car_sign__rosidl_typesupport_fastrtps_cpp.dir/rosidl_typesupport_fastrtps_cpp/car_sign/srv/detail/dds_fastrtps/car_brytertilstand__type_support.cpp.o[0m
[35m[1mScanning dependencies of target car_sign__rosidl_typesupport_c[0m
[ 33%] [32mBuilding CXX object CMakeFiles/car_sign__rosidl_typesupport_c.dir/rosidl_typesupport_c/car_sign/srv/car_brytertilstand__type_support.cpp.o[0m
[ 35%] [32mBuilding CXX object CMakeFiles/car_sign__rosidl_typesupport_c.dir/rosidl_typesupport_c/car_sign/msg/motor_tilstand__type_support.cpp.o[0m
[ 38%] [32m[1mLinking CXX shared library libcar_sign__rosidl_typesupport_c.so[0m
[ 38%] Built target car_sign__rosidl_typesupport_c
[ 41%] [34m[1mGenerating C type support for eProsima Fast-RTPS[0m
[ 43%] [32mBuilding CXX object CMakeFiles/car_sign__rosidl_typesupport_cpp.dir/rosidl_typesupport_cpp/car_sign/msg/motor_tilstand__type_support.cpp.o[0m
[ 46%] [32mBuilding CXX object CMakeFiles/car_sign__rosidl_typesupport_introspection_cpp.dir/rosidl_typesupport_introspection_cpp/car_sign/msg/detail/motor_tilstand__type_support.cpp.o[0m
[ 48%] [32mBuilding CXX object CMakeFiles/car_sign__rosidl_typesupport_fastrtps_cpp.dir/rosidl_typesupport_fastrtps_cpp/car_sign/msg/detail/dds_fastrtps/motor_tilstand__type_support.cpp.o[0m
[ 51%] [32m[1mLinking CXX shared library libcar_sign__rosidl_typesupport_cpp.so[0m
[ 51%] Built target car_sign__rosidl_typesupport_cpp
[ 53%] [34m[1mGenerating C introspection for ROS interfaces[0m
[35m[1mScanning dependencies of target car_sign__rosidl_typesupport_fastrtps_c[0m
[ 56%] [32mBuilding CXX object CMakeFiles/car_sign__rosidl_typesupport_fastrtps_c.dir/rosidl_typesupport_fastrtps_c/car_sign/srv/detail/car_brytertilstand__type_support_c.cpp.o[0m
[ 58%] [32m[1mLinking CXX shared library libcar_sign__rosidl_typesupport_introspection_cpp.so[0m
[ 61%] [32m[1mLinking CXX shared library libcar_sign__rosidl_typesupport_fastrtps_cpp.so[0m
[ 61%] Built target car_sign__rosidl_typesupport_introspection_cpp
[ 64%] [32mBuilding CXX object CMakeFiles/car_sign__rosidl_typesupport_fastrtps_c.dir/rosidl_typesupport_fastrtps_c/car_sign/msg/detail/motor_tilstand__type_support_c.cpp.o[0m
[ 64%] Built target car_sign__rosidl_typesupport_fastrtps_cpp
[35m[1mScanning dependencies of target car_sign__rosidl_typesupport_introspection_c[0m
[ 66%] [32mBuilding C object CMakeFiles/car_sign__rosidl_typesupport_introspection_c.dir/rosidl_typesupport_introspection_c/car_sign/srv/detail/car_brytertilstand__type_support.c.o[0m
[ 69%] [32mBuilding C object CMakeFiles/car_sign__rosidl_typesupport_introspection_c.dir/rosidl_typesupport_introspection_c/car_sign/msg/detail/motor_tilstand__type_support.c.o[0m
[ 71%] [32m[1mLinking C shared library libcar_sign__rosidl_typesupport_introspection_c.so[0m
[ 71%] Built target car_sign__rosidl_typesupport_introspection_c
[ 74%] [32m[1mLinking CXX shared library libcar_sign__rosidl_typesupport_fastrtps_c.so[0m
[ 74%] Built target car_sign__rosidl_typesupport_fastrtps_c
[35m[1mScanning dependencies of target car_sign[0m
[ 74%] Built target car_sign
[35m[1mScanning dependencies of target car_sign__py[0m
[ 76%] [34m[1mGenerating Python code for ROS interfaces[0m
[ 76%] Built target car_sign__py
[35m[1mScanning dependencies of target car_sign__rosidl_generator_py[0m
[ 82%] [32mBuilding C object CMakeFiles/car_sign__rosidl_generator_py.dir/rosidl_generator_py/car_sign/msg/_motor_tilstand_s.c.o[0m
[ 82%] [32mBuilding C object CMakeFiles/car_sign__rosidl_generator_py.dir/rosidl_generator_py/car_sign/srv/_car_brytertilstand_s.c.o[0m
[ 84%] [32m[1mLinking C shared library rosidl_generator_py/car_sign/libcar_sign__rosidl_generator_py.so[0m
[ 84%] Built target car_sign__rosidl_generator_py
[35m[1mScanning dependencies of target car_sign__rosidl_typesupport_introspection_c__pyext[0m
[35m[1mScanning dependencies of target car_sign__rosidl_typesupport_fastrtps_c__pyext[0m
[35m[1mScanning dependencies of target car_sign__rosidl_typesupport_c__pyext[0m
[ 87%] [32mBuilding C object CMakeFiles/car_sign__rosidl_typesupport_fastrtps_c__pyext.dir/rosidl_generator_py/car_sign/_car_sign_s.ep.rosidl_typesupport_fastrtps_c.c.o[0m
[ 89%] [32mBuilding C object CMakeFiles/car_sign__rosidl_typesupport_introspection_c__pyext.dir/rosidl_generator_py/car_sign/_car_sign_s.ep.rosidl_typesupport_introspection_c.c.o[0m
[ 92%] [32mBuilding C object CMakeFiles/car_sign__rosidl_typesupport_c__pyext.dir/rosidl_generator_py/car_sign/_car_sign_s.ep.rosidl_typesupport_c.c.o[0m
[ 94%] [32m[1mLinking C shared library rosidl_generator_py/car_sign/car_sign_s__rosidl_typesupport_introspection_c.cpython-39-aarch64-linux-gnu.so[0m
[ 97%] [32m[1mLinking C shared library rosidl_generator_py/car_sign/car_sign_s__rosidl_typesupport_c.cpython-39-aarch64-linux-gnu.so[0m
[100%] [32m[1mLinking C shared library rosidl_generator_py/car_sign/car_sign_s__rosidl_typesupport_fastrtps_c.cpython-39-aarch64-linux-gnu.so[0m
[100%] Built target car_sign__rosidl_typesupport_c__pyext
[100%] Built target car_sign__rosidl_typesupport_introspection_c__pyext
[100%] Built target car_sign__rosidl_typesupport_fastrtps_c__pyext
-- Install configuration: ""
-- Installing: /home/hal/ros2/install/car_sign/share/car_sign/launch
-- Installing: /home/hal/ros2/install/car_sign/share/car_sign/launch/demo.launch.py
-- Installing: /home/hal/ros2/install/car_sign/share/ament_index/resource_index/rosidl_interfaces/car_sign
-- Installing: /home/hal/ros2/install/car_sign/include/car_sign/car_sign
-- Installing: /home/hal/ros2/install/car_sign/include/car_sign/car_sign/srv
-- Installing: /home/hal/ros2/install/car_sign/include/car_sign/car_sign/srv/detail
-- Installing: /home/hal/ros2/install/car_sign/include/car_sign/car_sign/srv/detail/car_brytertilstand__functions.c
-- Installing: /home/hal/ros2/install/car_sign/include/car_sign/car_sign/srv/detail/car_brytertilstand__type_support.h
-- Installing: /home/hal/ros2/install/car_sign/include/car_sign/car_sign/srv/detail/car_brytertilstand__functions.h
-- Installing: /home/hal/ros2/install/car_sign/include/car_sign/car_sign/srv/detail/car_brytertilstand__struct.h
-- Installing: /home/hal/ros2/install/car_sign/include/car_sign/car_sign/srv/car_brytertilstand.h
-- Installing: /home/hal/ros2/install/car_sign/include/car_sign/car_sign/msg
-- Installing: /home/hal/ros2/install/car_sign/include/car_sign/car_sign/msg/rosidl_generator_c__visibility_control.h
-- Installing: /home/hal/ros2/install/car_sign/include/car_sign/car_sign/msg/detail
-- Installing: /home/hal/ros2/install/car_sign/include/car_sign/car_sign/msg/detail/motor_tilstand__type_support.h
-- Installing: /home/hal/ros2/install/car_sign/include/car_sign/car_sign/msg/detail/motor_tilstand__functions.h
-- Installing: /home/hal/ros2/install/car_sign/include/car_sign/car_sign/msg/detail/motor_tilstand__struct.h
-- Installing: /home/hal/ros2/install/car_sign/include/car_sign/car_sign/msg/detail/motor_tilstand__functions.c
-- Installing: /home/hal/ros2/install/car_sign/include/car_sign/car_sign/msg/motor_tilstand.h
-- Installing: /home/hal/ros2/install/car_sign/share/car_sign/environment/library_path.sh
-- Installing: /home/hal/ros2/install/car_sign/share/car_sign/environment/library_path.dsv
-- Installing: /home/hal/ros2/install/car_sign/lib/libcar_sign__rosidl_generator_c.so
-- Set runtime path of "/home/hal/ros2/install/car_sign/lib/libcar_sign__rosidl_generator_c.so" to ""
-- Up-to-date: /home/hal/ros2/install/car_sign/include/car_sign/car_sign
-- Up-to-date: /home/hal/ros2/install/car_sign/include/car_sign/car_sign/srv
-- Up-to-date: /home/hal/ros2/install/car_sign/include/car_sign/car_sign/srv/detail
-- Installing: /home/hal/ros2/install/car_sign/include/car_sign/car_sign/srv/detail/car_brytertilstand__rosidl_typesupport_introspection_c.h
-- Installing: /home/hal/ros2/install/car_sign/include/car_sign/car_sign/srv/detail/car_brytertilstand__type_support.c
-- Up-to-date: /home/hal/ros2/install/car_sign/include/car_sign/car_sign/msg
-- Up-to-date: /home/hal/ros2/install/car_sign/include/car_sign/car_sign/msg/detail
-- Installing: /home/hal/ros2/install/car_sign/include/car_sign/car_sign/msg/detail/motor_tilstand__type_support.c
-- Installing: /home/hal/ros2/install/car_sign/include/car_sign/car_sign/msg/detail/motor_tilstand__rosidl_typesupport_introspection_c.h
-- Installing: /home/hal/ros2/install/car_sign/include/car_sign/car_sign/msg/rosidl_typesupport_introspection_c__visibility_control.h
-- Installing: /home/hal/ros2/install/car_sign/lib/libcar_sign__rosidl_typesupport_introspection_c.so
-- Set runtime path of "/home/hal/ros2/install/car_sign/lib/libcar_sign__rosidl_typesupport_introspection_c.so" to ""
-- Up-to-date: /home/hal/ros2/install/car_sign/include/car_sign/car_sign
-- Up-to-date: /home/hal/ros2/install/car_sign/include/car_sign/car_sign/srv
-- Up-to-date: /home/hal/ros2/install/car_sign/include/car_sign/car_sign/srv/detail
-- Installing: /home/hal/ros2/install/car_sign/include/car_sign/car_sign/srv/detail/car_brytertilstand__rosidl_typesupport_fastrtps_c.h
-- Up-to-date: /home/hal/ros2/install/car_sign/include/car_sign/car_sign/msg
-- Installing: /home/hal/ros2/install/car_sign/include/car_sign/car_sign/msg/rosidl_typesupport_fastrtps_c__visibility_control.h
-- Up-to-date: /home/hal/ros2/install/car_sign/include/car_sign/car_sign/msg/detail
-- Installing: /home/hal/ros2/install/car_sign/include/car_sign/car_sign/msg/detail/motor_tilstand__rosidl_typesupport_fastrtps_c.h
-- Installing: /home/hal/ros2/install/car_sign/lib/libcar_sign__rosidl_typesupport_fastrtps_c.so
-- Set runtime path of "/home/hal/ros2/install/car_sign/lib/libcar_sign__rosidl_typesupport_fastrtps_c.so" to ""
-- Installing: /home/hal/ros2/install/car_sign/lib/libcar_sign__rosidl_typesupport_c.so
-- Set runtime path of "/home/hal/ros2/install/car_sign/lib/libcar_sign__rosidl_typesupport_c.so" to ""
-- Up-to-date: /home/hal/ros2/install/car_sign/include/car_sign/car_sign
-- Up-to-date: /home/hal/ros2/install/car_sign/include/car_sign/car_sign/srv
-- Installing: /home/hal/ros2/install/car_sign/include/car_sign/car_sign/srv/car_brytertilstand.hpp
-- Up-to-date: /home/hal/ros2/install/car_sign/include/car_sign/car_sign/srv/detail
-- Installing: /home/hal/ros2/install/car_sign/include/car_sign/car_sign/srv/detail/car_brytertilstand__traits.hpp
-- Installing: /home/hal/ros2/install/car_sign/include/car_sign/car_sign/srv/detail/car_brytertilstand__builder.hpp
-- Installing: /home/hal/ros2/install/car_sign/include/car_sign/car_sign/srv/detail/car_brytertilstand__struct.hpp
-- Up-to-date: /home/hal/ros2/install/car_sign/include/car_sign/car_sign/msg
-- Installing: /home/hal/ros2/install/car_sign/include/car_sign/car_sign/msg/motor_tilstand.hpp
-- Up-to-date: /home/hal/ros2/install/car_sign/include/car_sign/car_sign/msg/detail
-- Installing: /home/hal/ros2/install/car_sign/include/car_sign/car_sign/msg/detail/motor_tilstand__struct.hpp
-- Installing: /home/hal/ros2/install/car_sign/include/car_sign/car_sign/msg/detail/motor_tilstand__builder.hpp
-- Installing: /home/hal/ros2/install/car_sign/include/car_sign/car_sign/msg/detail/motor_tilstand__traits.hpp
-- Up-to-date: /home/hal/ros2/install/car_sign/include/car_sign/car_sign
-- Up-to-date: /home/hal/ros2/install/car_sign/include/car_sign/car_sign/srv
-- Up-to-date: /home/hal/ros2/install/car_sign/include/car_sign/car_sign/srv/detail
-- Installing: /home/hal/ros2/install/car_sign/include/car_sign/car_sign/srv/detail/car_brytertilstand__rosidl_typesupport_introspection_cpp.hpp
-- Installing: /home/hal/ros2/install/car_sign/include/car_sign/car_sign/srv/detail/car_brytertilstand__type_support.cpp
-- Up-to-date: /home/hal/ros2/install/car_sign/include/car_sign/car_sign/msg
-- Up-to-date: /home/hal/ros2/install/car_sign/include/car_sign/car_sign/msg/detail
-- Installing: /home/hal/ros2/install/car_sign/include/car_sign/car_sign/msg/detail/motor_tilstand__type_support.cpp
-- Installing: /home/hal/ros2/install/car_sign/include/car_sign/car_sign/msg/detail/motor_tilstand__rosidl_typesupport_introspection_cpp.hpp
-- Installing: /home/hal/ros2/install/car_sign/lib/libcar_sign__rosidl_typesupport_introspection_cpp.so
-- Set runtime path of "/home/hal/ros2/install/car_sign/lib/libcar_sign__rosidl_typesupport_introspection_cpp.so" to ""
-- Up-to-date: /home/hal/ros2/install/car_sign/include/car_sign/car_sign
-- Up-to-date: /home/hal/ros2/install/car_sign/include/car_sign/car_sign/srv
-- Up-to-date: /home/hal/ros2/install/car_sign/include/car_sign/car_sign/srv/detail
-- Installing: /home/hal/ros2/install/car_sign/include/car_sign/car_sign/srv/detail/dds_fastrtps
-- Installing: /home/hal/ros2/install/car_sign/include/car_sign/car_sign/srv/detail/car_brytertilstand__rosidl_typesupport_fastrtps_cpp.hpp
-- Up-to-date: /home/hal/ros2/install/car_sign/include/car_sign/car_sign/msg
-- Installing: /home/hal/ros2/install/car_sign/include/car_sign/car_sign/msg/rosidl_typesupport_fastrtps_cpp__visibility_control.h
-- Up-to-date: /home/hal/ros2/install/car_sign/include/car_sign/car_sign/msg/detail
-- Installing: /home/hal/ros2/install/car_sign/include/car_sign/car_sign/msg/detail/dds_fastrtps
-- Installing: /home/hal/ros2/install/car_sign/include/car_sign/car_sign/msg/detail/motor_tilstand__rosidl_typesupport_fastrtps_cpp.hpp
-- Installing: /home/hal/ros2/install/car_sign/lib/libcar_sign__rosidl_typesupport_fastrtps_cpp.so
-- Set runtime path of "/home/hal/ros2/install/car_sign/lib/libcar_sign__rosidl_typesupport_fastrtps_cpp.so" to ""
-- Installing: /home/hal/ros2/install/car_sign/lib/libcar_sign__rosidl_typesupport_cpp.so
-- Set runtime path of "/home/hal/ros2/install/car_sign/lib/libcar_sign__rosidl_typesupport_cpp.so" to ""
-- Installing: /home/hal/ros2/install/car_sign/share/car_sign/environment/pythonpath.sh
-- Installing: /home/hal/ros2/install/car_sign/share/car_sign/environment/pythonpath.dsv
-- Installing: /home/hal/ros2/install/car_sign/lib/python3.9/site-packages/car_sign-0.0.0-py3.9.egg-info
-- Installing: /home/hal/ros2/install/car_sign/lib/python3.9/site-packages/car_sign-0.0.0-py3.9.egg-info/SOURCES.txt
-- Installing: /home/hal/ros2/install/car_sign/lib/python3.9/site-packages/car_sign-0.0.0-py3.9.egg-info/dependency_links.txt
-- Installing: /home/hal/ros2/install/car_sign/lib/python3.9/site-packages/car_sign-0.0.0-py3.9.egg-info/top_level.txt
-- Installing: /home/hal/ros2/install/car_sign/lib/python3.9/site-packages/car_sign-0.0.0-py3.9.egg-info/PKG-INFO
-- Installing: /home/hal/ros2/install/car_sign/lib/python3.9/site-packages/car_sign
-- Installing: /home/hal/ros2/install/car_sign/lib/python3.9/site-packages/car_sign/_car_sign_s.ep.rosidl_typesupport_c.c
-- Installing: /home/hal/ros2/install/car_sign/lib/python3.9/site-packages/car_sign/srv
-- Installing: /home/hal/ros2/install/car_sign/lib/python3.9/site-packages/car_sign/srv/_car_brytertilstand.py
-- Installing: /home/hal/ros2/install/car_sign/lib/python3.9/site-packages/car_sign/srv/__init__.py
-- Installing: /home/hal/ros2/install/car_sign/lib/python3.9/site-packages/car_sign/srv/_car_brytertilstand_s.c
-- Installing: /home/hal/ros2/install/car_sign/lib/python3.9/site-packages/car_sign/car_sign_s__rosidl_typesupport_fastrtps_c.cpython-39-aarch64-linux-gnu.so
-- Installing: /home/hal/ros2/install/car_sign/lib/python3.9/site-packages/car_sign/__init__.py
-- Installing: /home/hal/ros2/install/car_sign/lib/python3.9/site-packages/car_sign/msg
-- Installing: /home/hal/ros2/install/car_sign/lib/python3.9/site-packages/car_sign/msg/_motor_tilstand.py
-- Installing: /home/hal/ros2/install/car_sign/lib/python3.9/site-packages/car_sign/msg/__init__.py
-- Installing: /home/hal/ros2/install/car_sign/lib/python3.9/site-packages/car_sign/msg/_motor_tilstand_s.c
-- Installing: /home/hal/ros2/install/car_sign/lib/python3.9/site-packages/car_sign/_car_sign_s.ep.rosidl_typesupport_fastrtps_c.c
-- Installing: /home/hal/ros2/install/car_sign/lib/python3.9/site-packages/car_sign/libcar_sign__rosidl_generator_py.so
-- Installing: /home/hal/ros2/install/car_sign/lib/python3.9/site-packages/car_sign/_car_sign_s.ep.rosidl_typesupport_introspection_c.c
-- Installing: /home/hal/ros2/install/car_sign/lib/python3.9/site-packages/car_sign/car_sign_s__rosidl_typesupport_c.cpython-39-aarch64-linux-gnu.so
-- Installing: /home/hal/ros2/install/car_sign/lib/python3.9/site-packages/car_sign/car_sign_s__rosidl_typesupport_introspection_c.cpython-39-aarch64-linux-gnu.so
Listing '/home/hal/ros2/install/car_sign/lib/python3.9/site-packages/car_sign'...
Compiling '/home/hal/ros2/install/car_sign/lib/python3.9/site-packages/car_sign/__init__.py'...
Listing '/home/hal/ros2/install/car_sign/lib/python3.9/site-packages/car_sign/msg'...
Compiling '/home/hal/ros2/install/car_sign/lib/python3.9/site-packages/car_sign/msg/__init__.py'...
Compiling '/home/hal/ros2/install/car_sign/lib/python3.9/site-packages/car_sign/msg/_motor_tilstand.py'...
Listing '/home/hal/ros2/install/car_sign/lib/python3.9/site-packages/car_sign/srv'...
Compiling '/home/hal/ros2/install/car_sign/lib/python3.9/site-packages/car_sign/srv/__init__.py'...
Compiling '/home/hal/ros2/install/car_sign/lib/python3.9/site-packages/car_sign/srv/_car_brytertilstand.py'...
-- Installing: /home/hal/ros2/install/car_sign/lib/python3.9/site-packages/car_sign/car_sign_s__rosidl_typesupport_introspection_c.cpython-39-aarch64-linux-gnu.so
-- Set runtime path of "/home/hal/ros2/install/car_sign/lib/python3.9/site-packages/car_sign/car_sign_s__rosidl_typesupport_introspection_c.cpython-39-aarch64-linux-gnu.so" to ""
-- Installing: /home/hal/ros2/install/car_sign/lib/python3.9/site-packages/car_sign/car_sign_s__rosidl_typesupport_fastrtps_c.cpython-39-aarch64-linux-gnu.so
-- Set runtime path of "/home/hal/ros2/install/car_sign/lib/python3.9/site-packages/car_sign/car_sign_s__rosidl_typesupport_fastrtps_c.cpython-39-aarch64-linux-gnu.so" to ""
-- Installing: /home/hal/ros2/install/car_sign/lib/python3.9/site-packages/car_sign/car_sign_s__rosidl_typesupport_c.cpython-39-aarch64-linux-gnu.so
-- Set runtime path of "/home/hal/ros2/install/car_sign/lib/python3.9/site-packages/car_sign/car_sign_s__rosidl_typesupport_c.cpython-39-aarch64-linux-gnu.so" to ""
-- Installing: /home/hal/ros2/install/car_sign/lib/libcar_sign__rosidl_generator_py.so
-- Set runtime path of "/home/hal/ros2/install/car_sign/lib/libcar_sign__rosidl_generator_py.so" to ""
-- Installing: /home/hal/ros2/install/car_sign/share/car_sign/srv/CarBrytertilstand.idl
-- Installing: /home/hal/ros2/install/car_sign/share/car_sign/msg/MotorTilstand.idl
-- Installing: /home/hal/ros2/install/car_sign/share/car_sign/srv/CarBrytertilstand.srv
-- Installing: /home/hal/ros2/install/car_sign/share/car_sign/srv/CarBrytertilstand_Request.msg
-- Installing: /home/hal/ros2/install/car_sign/share/car_sign/srv/CarBrytertilstand_Response.msg
-- Installing: /home/hal/ros2/install/car_sign/share/car_sign/msg/MotorTilstand.msg
-- Installing: /home/hal/ros2/install/car_sign/share/ament_index/resource_index/package_run_dependencies/car_sign
-- Installing: /home/hal/ros2/install/car_sign/share/ament_index/resource_index/parent_prefix_path/car_sign
-- Installing: /home/hal/ros2/install/car_sign/share/car_sign/environment/ament_prefix_path.sh
-- Installing: /home/hal/ros2/install/car_sign/share/car_sign/environment/ament_prefix_path.dsv
-- Installing: /home/hal/ros2/install/car_sign/share/car_sign/environment/path.sh
-- Installing: /home/hal/ros2/install/car_sign/share/car_sign/environment/path.dsv
-- Installing: /home/hal/ros2/install/car_sign/share/car_sign/local_setup.bash
-- Installing: /home/hal/ros2/install/car_sign/share/car_sign/local_setup.sh
-- Installing: /home/hal/ros2/install/car_sign/share/car_sign/local_setup.zsh
-- Installing: /home/hal/ros2/install/car_sign/share/car_sign/local_setup.dsv
-- Installing: /home/hal/ros2/install/car_sign/share/car_sign/package.dsv
-- Installing: /home/hal/ros2/install/car_sign/share/ament_index/resource_index/packages/car_sign
-- Installing: /home/hal/ros2/install/car_sign/share/car_sign/cmake/export_car_sign__rosidl_generator_cExport.cmake
-- Installing: /home/hal/ros2/install/car_sign/share/car_sign/cmake/export_car_sign__rosidl_generator_cExport-noconfig.cmake
-- Installing: /home/hal/ros2/install/car_sign/share/car_sign/cmake/car_sign__rosidl_typesupport_introspection_cExport.cmake
-- Installing: /home/hal/ros2/install/car_sign/share/car_sign/cmake/car_sign__rosidl_typesupport_introspection_cExport-noconfig.cmake
-- Installing: /home/hal/ros2/install/car_sign/share/car_sign/cmake/export_car_sign__rosidl_typesupport_fastrtps_cExport.cmake
-- Installing: /home/hal/ros2/install/car_sign/share/car_sign/cmake/export_car_sign__rosidl_typesupport_fastrtps_cExport-noconfig.cmake
-- Installing: /home/hal/ros2/install/car_sign/share/car_sign/cmake/car_sign__rosidl_typesupport_cExport.cmake
-- Installing: /home/hal/ros2/install/car_sign/share/car_sign/cmake/car_sign__rosidl_typesupport_cExport-noconfig.cmake
-- Installing: /home/hal/ros2/install/car_sign/share/car_sign/cmake/export_car_sign__rosidl_generator_cppExport.cmake
-- Installing: /home/hal/ros2/install/car_sign/share/car_sign/cmake/car_sign__rosidl_typesupport_introspection_cppExport.cmake
-- Installing: /home/hal/ros2/install/car_sign/share/car_sign/cmake/car_sign__rosidl_typesupport_introspection_cppExport-noconfig.cmake
-- Installing: /home/hal/ros2/install/car_sign/share/car_sign/cmake/export_car_sign__rosidl_typesupport_fastrtps_cppExport.cmake
-- Installing: /home/hal/ros2/install/car_sign/share/car_sign/cmake/export_car_sign__rosidl_typesupport_fastrtps_cppExport-noconfig.cmake
-- Installing: /home/hal/ros2/install/car_sign/share/car_sign/cmake/car_sign__rosidl_typesupport_cppExport.cmake
-- Installing: /home/hal/ros2/install/car_sign/share/car_sign/cmake/car_sign__rosidl_typesupport_cppExport-noconfig.cmake
-- Installing: /home/hal/ros2/install/car_sign/share/car_sign/cmake/export_car_sign__rosidl_generator_pyExport.cmake
-- Installing: /home/hal/ros2/install/car_sign/share/car_sign/cmake/export_car_sign__rosidl_generator_pyExport-noconfig.cmake
-- Installing: /home/hal/ros2/install/car_sign/share/car_sign/cmake/rosidl_cmake-extras.cmake
-- Installing: /home/hal/ros2/install/car_sign/share/car_sign/cmake/ament_cmake_export_include_directories-extras.cmake
-- Installing: /home/hal/ros2/install/car_sign/share/car_sign/cmake/ament_cmake_export_libraries-extras.cmake
-- Installing: /home/hal/ros2/install/car_sign/share/car_sign/cmake/ament_cmake_export_targets-extras.cmake
-- Installing: /home/hal/ros2/install/car_sign/share/car_sign/cmake/rosidl_cmake_export_typesupport_targets-extras.cmake
-- Installing: /home/hal/ros2/install/car_sign/share/car_sign/cmake/ament_cmake_export_dependencies-extras.cmake
-- Installing: /home/hal/ros2/install/car_sign/share/car_sign/cmake/rosidl_cmake_export_typesupport_libraries-extras.cmake
-- Installing: /home/hal/ros2/install/car_sign/share/car_sign/cmake/car_signConfig.cmake
-- Installing: /home/hal/ros2/install/car_sign/share/car_sign/cmake/car_signConfig-version.cmake
-- Installing: /home/hal/ros2/install/car_sign/share/car_sign/package.xml
