[ 12%] Built target car_sign__cpp
[ 12%] Built target car_sign__rosidl_generator_c
[ 12%] Built target ament_cmake_python_copy_car_sign
[ 30%] Built target car_sign__rosidl_typesupport_fastrtps_cpp
[ 33%] Built target car_sign__rosidl_typesupport_cpp
[ 43%] Built target car_sign__rosidl_typesupport_introspection_cpp
[ 53%] Built target car_sign__rosidl_typesupport_c
[ 64%] Built target car_sign__rosidl_typesupport_fastrtps_c
[ 74%] Built target car_sign__rosidl_typesupport_introspection_c
[ 74%] Built target car_sign
[ 76%] Built target car_sign__py
[ 84%] Built target car_sign__rosidl_generator_py
[ 89%] Built target car_sign__rosidl_typesupport_c__pyext
[ 94%] Built target car_sign__rosidl_typesupport_introspection_c__pyext
[100%] Built target car_sign__rosidl_typesupport_fastrtps_c__pyext
running egg_info
writing car_sign.egg-info/PKG-INFO
writing dependency_links to car_sign.egg-info/dependency_links.txt
writing top-level names to car_sign.egg-info/top_level.txt
reading manifest file 'car_sign.egg-info/SOURCES.txt'
writing manifest file 'car_sign.egg-info/SOURCES.txt'
[100%] Built target ament_cmake_python_build_car_sign_egg
-- Install configuration: ""
-- Up-to-date: /home/hal/ros2/install/car_sign/share/car_sign/launch
-- Up-to-date: /home/hal/ros2/install/car_sign/share/car_sign/launch/demo.launch.py
-- Up-to-date: /home/hal/ros2/install/car_sign/share/ament_index/resource_index/rosidl_interfaces/car_sign
-- Up-to-date: /home/hal/ros2/install/car_sign/include/car_sign/car_sign
-- Up-to-date: /home/hal/ros2/install/car_sign/include/car_sign/car_sign/srv
-- Up-to-date: /home/hal/ros2/install/car_sign/include/car_sign/car_sign/srv/detail
-- Up-to-date: /home/hal/ros2/install/car_sign/include/car_sign/car_sign/srv/detail/car_brytertilstand__functions.c
-- Up-to-date: /home/hal/ros2/install/car_sign/include/car_sign/car_sign/srv/detail/car_brytertilstand__type_support.h
-- Up-to-date: /home/hal/ros2/install/car_sign/include/car_sign/car_sign/srv/detail/car_brytertilstand__functions.h
-- Up-to-date: /home/hal/ros2/install/car_sign/include/car_sign/car_sign/srv/detail/car_brytertilstand__struct.h
-- Up-to-date: /home/hal/ros2/install/car_sign/include/car_sign/car_sign/srv/car_brytertilstand.h
-- Up-to-date: /home/hal/ros2/install/car_sign/include/car_sign/car_sign/msg
-- Up-to-date: /home/hal/ros2/install/car_sign/include/car_sign/car_sign/msg/rosidl_generator_c__visibility_control.h
-- Up-to-date: /home/hal/ros2/install/car_sign/include/car_sign/car_sign/msg/detail
-- Up-to-date: /home/hal/ros2/install/car_sign/include/car_sign/car_sign/msg/detail/motor_tilstand__type_support.h
-- Up-to-date: /home/hal/ros2/install/car_sign/include/car_sign/car_sign/msg/detail/motor_tilstand__functions.h
-- Up-to-date: /home/hal/ros2/install/car_sign/include/car_sign/car_sign/msg/detail/motor_tilstand__struct.h
-- Up-to-date: /home/hal/ros2/install/car_sign/include/car_sign/car_sign/msg/detail/motor_tilstand__functions.c
-- Up-to-date: /home/hal/ros2/install/car_sign/include/car_sign/car_sign/msg/motor_tilstand.h
-- Up-to-date: /home/hal/ros2/install/car_sign/share/car_sign/environment/library_path.sh
-- Up-to-date: /home/hal/ros2/install/car_sign/share/car_sign/environment/library_path.dsv
-- Up-to-date: /home/hal/ros2/install/car_sign/lib/libcar_sign__rosidl_generator_c.so
-- Up-to-date: /home/hal/ros2/install/car_sign/include/car_sign/car_sign
-- Up-to-date: /home/hal/ros2/install/car_sign/include/car_sign/car_sign/srv
-- Up-to-date: /home/hal/ros2/install/car_sign/include/car_sign/car_sign/srv/detail
-- Up-to-date: /home/hal/ros2/install/car_sign/include/car_sign/car_sign/srv/detail/car_brytertilstand__rosidl_typesupport_introspection_c.h
-- Up-to-date: /home/hal/ros2/install/car_sign/include/car_sign/car_sign/srv/detail/car_brytertilstand__type_support.c
-- Up-to-date: /home/hal/ros2/install/car_sign/include/car_sign/car_sign/msg
-- Up-to-date: /home/hal/ros2/install/car_sign/include/car_sign/car_sign/msg/detail
-- Up-to-date: /home/hal/ros2/install/car_sign/include/car_sign/car_sign/msg/detail/motor_tilstand__type_support.c
-- Up-to-date: /home/hal/ros2/install/car_sign/include/car_sign/car_sign/msg/detail/motor_tilstand__rosidl_typesupport_introspection_c.h
-- Up-to-date: /home/hal/ros2/install/car_sign/include/car_sign/car_sign/msg/rosidl_typesupport_introspection_c__visibility_control.h
-- Up-to-date: /home/hal/ros2/install/car_sign/lib/libcar_sign__rosidl_typesupport_introspection_c.so
-- Up-to-date: /home/hal/ros2/install/car_sign/include/car_sign/car_sign
-- Up-to-date: /home/hal/ros2/install/car_sign/include/car_sign/car_sign/srv
-- Up-to-date: /home/hal/ros2/install/car_sign/include/car_sign/car_sign/srv/detail
-- Up-to-date: /home/hal/ros2/install/car_sign/include/car_sign/car_sign/srv/detail/car_brytertilstand__rosidl_typesupport_fastrtps_c.h
-- Up-to-date: /home/hal/ros2/install/car_sign/include/car_sign/car_sign/msg
-- Up-to-date: /home/hal/ros2/install/car_sign/include/car_sign/car_sign/msg/rosidl_typesupport_fastrtps_c__visibility_control.h
-- Up-to-date: /home/hal/ros2/install/car_sign/include/car_sign/car_sign/msg/detail
-- Up-to-date: /home/hal/ros2/install/car_sign/include/car_sign/car_sign/msg/detail/motor_tilstand__rosidl_typesupport_fastrtps_c.h
-- Up-to-date: /home/hal/ros2/install/car_sign/lib/libcar_sign__rosidl_typesupport_fastrtps_c.so
-- Up-to-date: /home/hal/ros2/install/car_sign/lib/libcar_sign__rosidl_typesupport_c.so
-- Up-to-date: /home/hal/ros2/install/car_sign/include/car_sign/car_sign
-- Up-to-date: /home/hal/ros2/install/car_sign/include/car_sign/car_sign/srv
-- Up-to-date: /home/hal/ros2/install/car_sign/include/car_sign/car_sign/srv/car_brytertilstand.hpp
-- Up-to-date: /home/hal/ros2/install/car_sign/include/car_sign/car_sign/srv/detail
-- Up-to-date: /home/hal/ros2/install/car_sign/include/car_sign/car_sign/srv/detail/car_brytertilstand__traits.hpp
-- Up-to-date: /home/hal/ros2/install/car_sign/include/car_sign/car_sign/srv/detail/car_brytertilstand__builder.hpp
-- Up-to-date: /home/hal/ros2/install/car_sign/include/car_sign/car_sign/srv/detail/car_brytertilstand__struct.hpp
-- Up-to-date: /home/hal/ros2/install/car_sign/include/car_sign/car_sign/msg
-- Up-to-date: /home/hal/ros2/install/car_sign/include/car_sign/car_sign/msg/motor_tilstand.hpp
-- Up-to-date: /home/hal/ros2/install/car_sign/include/car_sign/car_sign/msg/detail
-- Up-to-date: /home/hal/ros2/install/car_sign/include/car_sign/car_sign/msg/detail/motor_tilstand__struct.hpp
-- Up-to-date: /home/hal/ros2/install/car_sign/include/car_sign/car_sign/msg/detail/motor_tilstand__builder.hpp
-- Up-to-date: /home/hal/ros2/install/car_sign/include/car_sign/car_sign/msg/detail/motor_tilstand__traits.hpp
-- Up-to-date: /home/hal/ros2/install/car_sign/include/car_sign/car_sign
-- Up-to-date: /home/hal/ros2/install/car_sign/include/car_sign/car_sign/srv
-- Up-to-date: /home/hal/ros2/install/car_sign/include/car_sign/car_sign/srv/detail
-- Up-to-date: /home/hal/ros2/install/car_sign/include/car_sign/car_sign/srv/detail/car_brytertilstand__rosidl_typesupport_introspection_cpp.hpp
-- Up-to-date: /home/hal/ros2/install/car_sign/include/car_sign/car_sign/srv/detail/car_brytertilstand__type_support.cpp
-- Up-to-date: /home/hal/ros2/install/car_sign/include/car_sign/car_sign/msg
-- Up-to-date: /home/hal/ros2/install/car_sign/include/car_sign/car_sign/msg/detail
-- Up-to-date: /home/hal/ros2/install/car_sign/include/car_sign/car_sign/msg/detail/motor_tilstand__type_support.cpp
-- Up-to-date: /home/hal/ros2/install/car_sign/include/car_sign/car_sign/msg/detail/motor_tilstand__rosidl_typesupport_introspection_cpp.hpp
-- Up-to-date: /home/hal/ros2/install/car_sign/lib/libcar_sign__rosidl_typesupport_introspection_cpp.so
-- Up-to-date: /home/hal/ros2/install/car_sign/include/car_sign/car_sign
-- Up-to-date: /home/hal/ros2/install/car_sign/include/car_sign/car_sign/srv
-- Up-to-date: /home/hal/ros2/install/car_sign/include/car_sign/car_sign/srv/detail
-- Up-to-date: /home/hal/ros2/install/car_sign/include/car_sign/car_sign/srv/detail/dds_fastrtps
-- Up-to-date: /home/hal/ros2/install/car_sign/include/car_sign/car_sign/srv/detail/car_brytertilstand__rosidl_typesupport_fastrtps_cpp.hpp
-- Up-to-date: /home/hal/ros2/install/car_sign/include/car_sign/car_sign/msg
-- Up-to-date: /home/hal/ros2/install/car_sign/include/car_sign/car_sign/msg/rosidl_typesupport_fastrtps_cpp__visibility_control.h
-- Up-to-date: /home/hal/ros2/install/car_sign/include/car_sign/car_sign/msg/detail
-- Up-to-date: /home/hal/ros2/install/car_sign/include/car_sign/car_sign/msg/detail/dds_fastrtps
-- Up-to-date: /home/hal/ros2/install/car_sign/include/car_sign/car_sign/msg/detail/motor_tilstand__rosidl_typesupport_fastrtps_cpp.hpp
-- Up-to-date: /home/hal/ros2/install/car_sign/lib/libcar_sign__rosidl_typesupport_fastrtps_cpp.so
-- Up-to-date: /home/hal/ros2/install/car_sign/lib/libcar_sign__rosidl_typesupport_cpp.so
-- Up-to-date: /home/hal/ros2/install/car_sign/share/car_sign/environment/pythonpath.sh
-- Up-to-date: /home/hal/ros2/install/car_sign/share/car_sign/environment/pythonpath.dsv
-- Up-to-date: /home/hal/ros2/install/car_sign/lib/python3.9/site-packages/car_sign-0.0.0-py3.9.egg-info
-- Installing: /home/hal/ros2/install/car_sign/lib/python3.9/site-packages/car_sign-0.0.0-py3.9.egg-info/SOURCES.txt
-- Installing: /home/hal/ros2/install/car_sign/lib/python3.9/site-packages/car_sign-0.0.0-py3.9.egg-info/dependency_links.txt
-- Installing: /home/hal/ros2/install/car_sign/lib/python3.9/site-packages/car_sign-0.0.0-py3.9.egg-info/top_level.txt
-- Installing: /home/hal/ros2/install/car_sign/lib/python3.9/site-packages/car_sign-0.0.0-py3.9.egg-info/PKG-INFO
-- Up-to-date: /home/hal/ros2/install/car_sign/lib/python3.9/site-packages/car_sign
-- Up-to-date: /home/hal/ros2/install/car_sign/lib/python3.9/site-packages/car_sign/_car_sign_s.ep.rosidl_typesupport_c.c
-- Up-to-date: /home/hal/ros2/install/car_sign/lib/python3.9/site-packages/car_sign/srv
-- Up-to-date: /home/hal/ros2/install/car_sign/lib/python3.9/site-packages/car_sign/srv/_car_brytertilstand.py
-- Up-to-date: /home/hal/ros2/install/car_sign/lib/python3.9/site-packages/car_sign/srv/__init__.py
-- Up-to-date: /home/hal/ros2/install/car_sign/lib/python3.9/site-packages/car_sign/srv/_car_brytertilstand_s.c
-- Up-to-date: /home/hal/ros2/install/car_sign/lib/python3.9/site-packages/car_sign/car_sign_s__rosidl_typesupport_fastrtps_c.cpython-39-aarch64-linux-gnu.so
-- Up-to-date: /home/hal/ros2/install/car_sign/lib/python3.9/site-packages/car_sign/__init__.py
-- Up-to-date: /home/hal/ros2/install/car_sign/lib/python3.9/site-packages/car_sign/msg
-- Up-to-date: /home/hal/ros2/install/car_sign/lib/python3.9/site-packages/car_sign/msg/_motor_tilstand.py
-- Up-to-date: /home/hal/ros2/install/car_sign/lib/python3.9/site-packages/car_sign/msg/__init__.py
-- Up-to-date: /home/hal/ros2/install/car_sign/lib/python3.9/site-packages/car_sign/msg/_motor_tilstand_s.c
-- Up-to-date: /home/hal/ros2/install/car_sign/lib/python3.9/site-packages/car_sign/_car_sign_s.ep.rosidl_typesupport_fastrtps_c.c
-- Up-to-date: /home/hal/ros2/install/car_sign/lib/python3.9/site-packages/car_sign/libcar_sign__rosidl_generator_py.so
-- Up-to-date: /home/hal/ros2/install/car_sign/lib/python3.9/site-packages/car_sign/_car_sign_s.ep.rosidl_typesupport_introspection_c.c
-- Up-to-date: /home/hal/ros2/install/car_sign/lib/python3.9/site-packages/car_sign/car_sign_s__rosidl_typesupport_c.cpython-39-aarch64-linux-gnu.so
-- Up-to-date: /home/hal/ros2/install/car_sign/lib/python3.9/site-packages/car_sign/car_sign_s__rosidl_typesupport_introspection_c.cpython-39-aarch64-linux-gnu.so
Listing '/home/hal/ros2/install/car_sign/lib/python3.9/site-packages/car_sign'...
Listing '/home/hal/ros2/install/car_sign/lib/python3.9/site-packages/car_sign/msg'...
Listing '/home/hal/ros2/install/car_sign/lib/python3.9/site-packages/car_sign/srv'...
-- Up-to-date: /home/hal/ros2/install/car_sign/lib/python3.9/site-packages/car_sign/car_sign_s__rosidl_typesupport_introspection_c.cpython-39-aarch64-linux-gnu.so
-- Up-to-date: /home/hal/ros2/install/car_sign/lib/python3.9/site-packages/car_sign/car_sign_s__rosidl_typesupport_fastrtps_c.cpython-39-aarch64-linux-gnu.so
-- Up-to-date: /home/hal/ros2/install/car_sign/lib/python3.9/site-packages/car_sign/car_sign_s__rosidl_typesupport_c.cpython-39-aarch64-linux-gnu.so
-- Up-to-date: /home/hal/ros2/install/car_sign/lib/libcar_sign__rosidl_generator_py.so
-- Up-to-date: /home/hal/ros2/install/car_sign/share/car_sign/srv/CarBrytertilstand.idl
-- Up-to-date: /home/hal/ros2/install/car_sign/share/car_sign/msg/MotorTilstand.idl
-- Up-to-date: /home/hal/ros2/install/car_sign/share/car_sign/srv/CarBrytertilstand.srv
-- Up-to-date: /home/hal/ros2/install/car_sign/share/car_sign/srv/CarBrytertilstand_Request.msg
-- Up-to-date: /home/hal/ros2/install/car_sign/share/car_sign/srv/CarBrytertilstand_Response.msg
-- Up-to-date: /home/hal/ros2/install/car_sign/share/car_sign/msg/MotorTilstand.msg
-- Up-to-date: /home/hal/ros2/install/car_sign/share/ament_index/resource_index/package_run_dependencies/car_sign
-- Up-to-date: /home/hal/ros2/install/car_sign/share/ament_index/resource_index/parent_prefix_path/car_sign
-- Up-to-date: /home/hal/ros2/install/car_sign/share/car_sign/environment/ament_prefix_path.dsv
-- Up-to-date: /home/hal/ros2/install/car_sign/share/car_sign/environment/path.dsv
-- Up-to-date: /home/hal/ros2/install/car_sign/share/car_sign/local_setup.bash
-- Up-to-date: /home/hal/ros2/install/car_sign/share/car_sign/local_setup.sh
-- Up-to-date: /home/hal/ros2/install/car_sign/share/car_sign/local_setup.zsh
-- Up-to-date: /home/hal/ros2/install/car_sign/share/car_sign/local_setup.dsv
-- Installing: /home/hal/ros2/install/car_sign/share/car_sign/package.dsv
-- Up-to-date: /home/hal/ros2/install/car_sign/share/ament_index/resource_index/packages/car_sign
-- Up-to-date: /home/hal/ros2/install/car_sign/share/car_sign/cmake/export_car_sign__rosidl_generator_cExport.cmake
-- Up-to-date: /home/hal/ros2/install/car_sign/share/car_sign/cmake/export_car_sign__rosidl_generator_cExport-noconfig.cmake
-- Up-to-date: /home/hal/ros2/install/car_sign/share/car_sign/cmake/car_sign__rosidl_typesupport_introspection_cExport.cmake
-- Up-to-date: /home/hal/ros2/install/car_sign/share/car_sign/cmake/car_sign__rosidl_typesupport_introspection_cExport-noconfig.cmake
-- Up-to-date: /home/hal/ros2/install/car_sign/share/car_sign/cmake/export_car_sign__rosidl_typesupport_fastrtps_cExport.cmake
-- Up-to-date: /home/hal/ros2/install/car_sign/share/car_sign/cmake/export_car_sign__rosidl_typesupport_fastrtps_cExport-noconfig.cmake
-- Up-to-date: /home/hal/ros2/install/car_sign/share/car_sign/cmake/car_sign__rosidl_typesupport_cExport.cmake
-- Up-to-date: /home/hal/ros2/install/car_sign/share/car_sign/cmake/car_sign__rosidl_typesupport_cExport-noconfig.cmake
-- Up-to-date: /home/hal/ros2/install/car_sign/share/car_sign/cmake/export_car_sign__rosidl_generator_cppExport.cmake
-- Up-to-date: /home/hal/ros2/install/car_sign/share/car_sign/cmake/car_sign__rosidl_typesupport_introspection_cppExport.cmake
-- Up-to-date: /home/hal/ros2/install/car_sign/share/car_sign/cmake/car_sign__rosidl_typesupport_introspection_cppExport-noconfig.cmake
-- Up-to-date: /home/hal/ros2/install/car_sign/share/car_sign/cmake/export_car_sign__rosidl_typesupport_fastrtps_cppExport.cmake
-- Up-to-date: /home/hal/ros2/install/car_sign/share/car_sign/cmake/export_car_sign__rosidl_typesupport_fastrtps_cppExport-noconfig.cmake
-- Up-to-date: /home/hal/ros2/install/car_sign/share/car_sign/cmake/car_sign__rosidl_typesupport_cppExport.cmake
-- Up-to-date: /home/hal/ros2/install/car_sign/share/car_sign/cmake/car_sign__rosidl_typesupport_cppExport-noconfig.cmake
-- Up-to-date: /home/hal/ros2/install/car_sign/share/car_sign/cmake/export_car_sign__rosidl_generator_pyExport.cmake
-- Up-to-date: /home/hal/ros2/install/car_sign/share/car_sign/cmake/export_car_sign__rosidl_generator_pyExport-noconfig.cmake
-- Up-to-date: /home/hal/ros2/install/car_sign/share/car_sign/cmake/rosidl_cmake-extras.cmake
-- Up-to-date: /home/hal/ros2/install/car_sign/share/car_sign/cmake/ament_cmake_export_include_directories-extras.cmake
-- Up-to-date: /home/hal/ros2/install/car_sign/share/car_sign/cmake/ament_cmake_export_libraries-extras.cmake
-- Up-to-date: /home/hal/ros2/install/car_sign/share/car_sign/cmake/ament_cmake_export_targets-extras.cmake
-- Up-to-date: /home/hal/ros2/install/car_sign/share/car_sign/cmake/rosidl_cmake_export_typesupport_targets-extras.cmake
-- Up-to-date: /home/hal/ros2/install/car_sign/share/car_sign/cmake/ament_cmake_export_dependencies-extras.cmake
-- Up-to-date: /home/hal/ros2/install/car_sign/share/car_sign/cmake/rosidl_cmake_export_typesupport_libraries-extras.cmake
-- Up-to-date: /home/hal/ros2/install/car_sign/share/car_sign/cmake/car_signConfig.cmake
-- Up-to-date: /home/hal/ros2/install/car_sign/share/car_sign/cmake/car_signConfig-version.cmake
-- Up-to-date: /home/hal/ros2/install/car_sign/share/car_sign/package.xml
