[4.068s] Invoking command in '/home/hal/ros2/src/car': PYTHONPATH=/home/hal/ros2/install/car/lib/python3.9/site-packages:${PYTHONPATH} /usr/bin/python3 setup.py egg_info --egg-base ../../build/car build --build-base /home/hal/ros2/build/car/build install --prefix /home/hal/ros2/install/car --record /home/hal/ros2/build/car/install.log --single-version-externally-managed
[5.470s] running egg_info
[5.473s] writing ../../build/car/car.egg-info/PKG-INFO
[5.474s] writing dependency_links to ../../build/car/car.egg-info/dependency_links.txt
[5.474s] writing entry points to ../../build/car/car.egg-info/entry_points.txt
[5.476s] writing requirements to ../../build/car/car.egg-info/requires.txt
[5.477s] writing top-level names to ../../build/car/car.egg-info/top_level.txt
[5.625s] reading manifest file '../../build/car/car.egg-info/SOURCES.txt'
[5.629s] writing manifest file '../../build/car/car.egg-info/SOURCES.txt'
[5.630s] running build
[5.632s] running build_py
[5.632s] copying car/bevegelse_node.py -> /home/hal/ros2/build/car/build/lib/car
[5.633s] running install
[5.640s] running install_lib
[5.645s] copying /home/hal/ros2/build/car/build/lib/car/bevegelse_node.py -> /home/hal/ros2/install/car/lib/python3.9/site-packages/car
[5.652s] byte-compiling /home/hal/ros2/install/car/lib/python3.9/site-packages/car/bevegelse_node.py to bevegelse_node.cpython-39.pyc
[5.656s] running install_data
[5.658s] running install_egg_info
[5.670s] removing '/home/hal/ros2/install/car/lib/python3.9/site-packages/car-0.0.0-py3.9.egg-info' (and everything under it)
[5.671s] Copying ../../build/car/car.egg-info to /home/hal/ros2/install/car/lib/python3.9/site-packages/car-0.0.0-py3.9.egg-info
[5.674s] running install_scripts
[5.789s] Installing bevegelse script to /home/hal/ros2/install/car/lib/car
[5.797s] Installing klient script to /home/hal/ros2/install/car/lib/car
[5.802s] Installing lys script to /home/hal/ros2/install/car/lib/car
[5.808s] Installing motor script to /home/hal/ros2/install/car/lib/car
[5.812s] Installing tjeneste script to /home/hal/ros2/install/car/lib/car
[5.817s] writing list of installed files to '/home/hal/ros2/build/car/install.log'
[5.891s] Invoked command in '/home/hal/ros2/src/car' returned '0': PYTHONPATH=/home/hal/ros2/install/car/lib/python3.9/site-packages:${PYTHONPATH} /usr/bin/python3 setup.py egg_info --egg-base ../../build/car build --build-base /home/hal/ros2/build/car/build install --prefix /home/hal/ros2/install/car --record /home/hal/ros2/build/car/install.log --single-version-externally-managed
