/home/hal/ros2/install/car/lib/python3.9/site-packages/car/bryter_klient.py
/home/hal/ros2/install/car/lib/python3.9/site-packages/car/motor_node.py
/home/hal/ros2/install/car/lib/python3.9/site-packages/car/lys_node.py
/home/hal/ros2/install/car/lib/python3.9/site-packages/car/bryter_tjeneste.py
/home/hal/ros2/install/car/lib/python3.9/site-packages/car/__init__.py
/home/hal/ros2/install/car/lib/python3.9/site-packages/car/bevegelse_node.py
/home/hal/ros2/install/car/lib/python3.9/site-packages/car/__pycache__/bryter_klient.cpython-39.pyc
/home/hal/ros2/install/car/lib/python3.9/site-packages/car/__pycache__/motor_node.cpython-39.pyc
/home/hal/ros2/install/car/lib/python3.9/site-packages/car/__pycache__/lys_node.cpython-39.pyc
/home/hal/ros2/install/car/lib/python3.9/site-packages/car/__pycache__/bryter_tjeneste.cpython-39.pyc
/home/hal/ros2/install/car/lib/python3.9/site-packages/car/__pycache__/__init__.cpython-39.pyc
/home/hal/ros2/install/car/lib/python3.9/site-packages/car/__pycache__/bevegelse_node.cpython-39.pyc
/home/hal/ros2/install/car/share/ament_index/resource_index/packages/car
/home/hal/ros2/install/car/share/car/package.xml
/home/hal/ros2/install/car/lib/python3.9/site-packages/car-0.0.0-py3.9.egg-info/SOURCES.txt
/home/hal/ros2/install/car/lib/python3.9/site-packages/car-0.0.0-py3.9.egg-info/zip-safe
/home/hal/ros2/install/car/lib/python3.9/site-packages/car-0.0.0-py3.9.egg-info/dependency_links.txt
/home/hal/ros2/install/car/lib/python3.9/site-packages/car-0.0.0-py3.9.egg-info/requires.txt
/home/hal/ros2/install/car/lib/python3.9/site-packages/car-0.0.0-py3.9.egg-info/entry_points.txt
/home/hal/ros2/install/car/lib/python3.9/site-packages/car-0.0.0-py3.9.egg-info/top_level.txt
/home/hal/ros2/install/car/lib/python3.9/site-packages/car-0.0.0-py3.9.egg-info/PKG-INFO
/home/hal/ros2/install/car/lib/car/bevegelse
/home/hal/ros2/install/car/lib/car/klient
/home/hal/ros2/install/car/lib/car/lys
/home/hal/ros2/install/car/lib/car/motor
/home/hal/ros2/install/car/lib/car/tjeneste
