[4.317s] Invoking command in '/home/hal/ros2/src/car': PYTHONPATH=/home/hal/ros2/install/car/lib/python3.9/site-packages:${PYTHONPATH} /usr/bin/python3 setup.py egg_info --egg-base ../../build/car build --build-base /home/hal/ros2/build/car/build install --prefix /home/hal/ros2/install/car --record /home/hal/ros2/build/car/install.log --single-version-externally-managed
[5.716s] running egg_info
[5.718s] writing ../../build/car/car.egg-info/PKG-INFO
[5.719s] writing dependency_links to ../../build/car/car.egg-info/dependency_links.txt
[5.720s] writing entry points to ../../build/car/car.egg-info/entry_points.txt
[5.721s] writing requirements to ../../build/car/car.egg-info/requires.txt
[5.722s] writing top-level names to ../../build/car/car.egg-info/top_level.txt
[5.872s] reading manifest file '../../build/car/car.egg-info/SOURCES.txt'
[5.879s] writing manifest file '../../build/car/car.egg-info/SOURCES.txt'
[5.879s] running build
[5.880s] running build_py
[5.881s] copying car/lys_node.py -> /home/hal/ros2/build/car/build/lib/car
[5.882s] running install
[5.890s] running install_lib
[5.895s] copying /home/hal/ros2/build/car/build/lib/car/lys_node.py -> /home/hal/ros2/install/car/lib/python3.9/site-packages/car
[5.903s] running install_data
[5.905s] running install_egg_info
[5.916s] removing '/home/hal/ros2/install/car/lib/python3.9/site-packages/car-0.0.0-py3.9.egg-info' (and everything under it)
[5.918s] Copying ../../build/car/car.egg-info to /home/hal/ros2/install/car/lib/python3.9/site-packages/car-0.0.0-py3.9.egg-info
[5.924s] running install_scripts
[6.035s] Installing bevegelse script to /home/hal/ros2/install/car/lib/car
[6.036s] Installing klient script to /home/hal/ros2/install/car/lib/car
[6.037s] Installing lys script to /home/hal/ros2/install/car/lib/car
[6.037s] Installing motor script to /home/hal/ros2/install/car/lib/car
[6.038s] Installing tjeneste script to /home/hal/ros2/install/car/lib/car
[6.040s] writing list of installed files to '/home/hal/ros2/build/car/install.log'
[6.142s] Invoked command in '/home/hal/ros2/src/car' returned '0': PYTHONPATH=/home/hal/ros2/install/car/lib/python3.9/site-packages:${PYTHONPATH} /usr/bin/python3 setup.py egg_info --egg-base ../../build/car build --build-base /home/hal/ros2/build/car/build install --prefix /home/hal/ros2/install/car --record /home/hal/ros2/build/car/install.log --single-version-externally-managed
