running egg_info
creating ../../build/car/car.egg-info
writing ../../build/car/car.egg-info/PKG-INFO
writing dependency_links to ../../build/car/car.egg-info/dependency_links.txt
writing entry points to ../../build/car/car.egg-info/entry_points.txt
writing requirements to ../../build/car/car.egg-info/requires.txt
writing top-level names to ../../build/car/car.egg-info/top_level.txt
writing manifest file '../../build/car/car.egg-info/SOURCES.txt'
reading manifest file '../../build/car/car.egg-info/SOURCES.txt'
writing manifest file '../../build/car/car.egg-info/SOURCES.txt'
running build
running build_py
creating /home/hal/ros2/build/car/build
creating /home/hal/ros2/build/car/build/lib
creating /home/hal/ros2/build/car/build/lib/car
copying car/bryter_klient.py -> /home/hal/ros2/build/car/build/lib/car
copying car/motor_node.py -> /home/hal/ros2/build/car/build/lib/car
copying car/lys_node.py -> /home/hal/ros2/build/car/build/lib/car
copying car/bryter_tjeneste.py -> /home/hal/ros2/build/car/build/lib/car
copying car/__init__.py -> /home/hal/ros2/build/car/build/lib/car
copying car/bevegelse_node.py -> /home/hal/ros2/build/car/build/lib/car
running install
running install_lib
creating /home/hal/ros2/install/car/lib/python3.9/site-packages/car
copying /home/hal/ros2/build/car/build/lib/car/bryter_klient.py -> /home/hal/ros2/install/car/lib/python3.9/site-packages/car
copying /home/hal/ros2/build/car/build/lib/car/motor_node.py -> /home/hal/ros2/install/car/lib/python3.9/site-packages/car
copying /home/hal/ros2/build/car/build/lib/car/lys_node.py -> /home/hal/ros2/install/car/lib/python3.9/site-packages/car
copying /home/hal/ros2/build/car/build/lib/car/bryter_tjeneste.py -> /home/hal/ros2/install/car/lib/python3.9/site-packages/car
copying /home/hal/ros2/build/car/build/lib/car/__init__.py -> /home/hal/ros2/install/car/lib/python3.9/site-packages/car
copying /home/hal/ros2/build/car/build/lib/car/bevegelse_node.py -> /home/hal/ros2/install/car/lib/python3.9/site-packages/car
byte-compiling /home/hal/ros2/install/car/lib/python3.9/site-packages/car/bryter_klient.py to bryter_klient.cpython-39.pyc
byte-compiling /home/hal/ros2/install/car/lib/python3.9/site-packages/car/motor_node.py to motor_node.cpython-39.pyc
byte-compiling /home/hal/ros2/install/car/lib/python3.9/site-packages/car/lys_node.py to lys_node.cpython-39.pyc
byte-compiling /home/hal/ros2/install/car/lib/python3.9/site-packages/car/bryter_tjeneste.py to bryter_tjeneste.cpython-39.pyc
byte-compiling /home/hal/ros2/install/car/lib/python3.9/site-packages/car/__init__.py to __init__.cpython-39.pyc
byte-compiling /home/hal/ros2/install/car/lib/python3.9/site-packages/car/bevegelse_node.py to bevegelse_node.cpython-39.pyc
running install_data
creating /home/hal/ros2/install/car/share/ament_index
creating /home/hal/ros2/install/car/share/ament_index/resource_index
creating /home/hal/ros2/install/car/share/ament_index/resource_index/packages
copying resource/car -> /home/hal/ros2/install/car/share/ament_index/resource_index/packages
copying package.xml -> /home/hal/ros2/install/car/share/car
running install_egg_info
Copying ../../build/car/car.egg-info to /home/hal/ros2/install/car/lib/python3.9/site-packages/car-0.0.0-py3.9.egg-info
running install_scripts
Installing bevegelse script to /home/hal/ros2/install/car/lib/car
Installing klient script to /home/hal/ros2/install/car/lib/car
Installing lys script to /home/hal/ros2/install/car/lib/car
Installing motor script to /home/hal/ros2/install/car/lib/car
Installing tjeneste script to /home/hal/ros2/install/car/lib/car
writing list of installed files to '/home/hal/ros2/build/car/install.log'
