gmake: Warning: File 'Makefile' has modification time 379 s in the future
gmake[1]: Warning: File 'CMakeFiles/Makefile2' has modification time 379 s in the future
gmake[2]: Warning: File 'CMakeFiles/car_sign__rosidl_generator_c.dir/flags.make' has modification time 379 s in the future
gmake[2]: Warning: File 'CMakeFiles/car_sign__cpp.dir/progress.make' has modification time 379 s in the future
gmake[2]: Warning: File 'CMakeFiles/ament_cmake_python_copy_car_sign.dir/progress.make' has modification time 379 s in the future
gmake[2]: warning:  Clock skew detected.  Your build may be incomplete.
gmake[2]: warning:  Clock skew detected.  Your build may be incomplete.
gmake[2]: warning:  Clock skew detected.  Your build may be incomplete.
gmake[2]: Warning: File 'CMakeFiles/ament_cmake_python_copy_car_sign.dir/progress.make' has modification time 379 s in the future
gmake[2]: Warning: File 'CMakeFiles/car_sign__rosidl_generator_c.dir/flags.make' has modification time 379 s in the future
gmake[2]: warning:  Clock skew detected.  Your build may be incomplete.
gmake[2]: Warning: File 'CMakeFiles/car_sign__cpp.dir/progress.make' has modification time 379 s in the future
gmake[2]: warning:  Clock skew detected.  Your build may be incomplete.
gmake[2]: warning:  Clock skew detected.  Your build may be incomplete.
gmake[2]: Warning: File 'CMakeFiles/car_sign__rosidl_typesupport_c.dir/flags.make' has modification time 379 s in the future
gmake[2]: Warning: File 'CMakeFiles/car_sign__rosidl_typesupport_fastrtps_c.dir/flags.make' has modification time 379 s in the future
gmake[2]: Warning: File 'CMakeFiles/car_sign__rosidl_typesupport_introspection_c.dir/flags.make' has modification time 379 s in the future
gmake[2]: warning:  Clock skew detected.  Your build may be incomplete.
gmake[2]: warning:  Clock skew detected.  Your build may be incomplete.
gmake[2]: Warning: File 'CMakeFiles/car_sign__rosidl_typesupport_fastrtps_c.dir/flags.make' has modification time 379 s in the future
gmake[2]: warning:  Clock skew detected.  Your build may be incomplete.
gmake[2]: Warning: File 'CMakeFiles/car_sign__rosidl_typesupport_c.dir/flags.make' has modification time 379 s in the future
gmake[2]: warning:  Clock skew detected.  Your build may be incomplete.
gmake[2]: Warning: File 'CMakeFiles/car_sign__rosidl_typesupport_fastrtps_cpp.dir/flags.make' has modification time 379 s in the future
gmake[2]: warning:  Clock skew detected.  Your build may be incomplete.
gmake[2]: Warning: File 'CMakeFiles/car_sign__rosidl_typesupport_introspection_c.dir/flags.make' has modification time 379 s in the future
gmake[2]: warning:  Clock skew detected.  Your build may be incomplete.
gmake[2]: Warning: File 'CMakeFiles/car_sign__rosidl_typesupport_cpp.dir/flags.make' has modification time 379 s in the future
gmake[2]: warning:  Clock skew detected.  Your build may be incomplete.
gmake[2]: Warning: File 'CMakeFiles/ament_cmake_python_build_car_sign_egg.dir/progress.make' has modification time 379 s in the future
gmake[2]: Warning: File 'CMakeFiles/car_sign__rosidl_typesupport_fastrtps_cpp.dir/flags.make' has modification time 379 s in the future
gmake[2]: warning:  Clock skew detected.  Your build may be incomplete.
gmake[2]: warning:  Clock skew detected.  Your build may be incomplete.
gmake[2]: Warning: File 'CMakeFiles/car_sign__rosidl_typesupport_introspection_cpp.dir/flags.make' has modification time 379 s in the future
gmake[2]: Warning: File 'CMakeFiles/car_sign__rosidl_typesupport_cpp.dir/flags.make' has modification time 379 s in the future
gmake[2]: warning:  Clock skew detected.  Your build may be incomplete.
gmake[2]: warning:  Clock skew detected.  Your build may be incomplete.
gmake[2]: Warning: File 'CMakeFiles/ament_cmake_python_build_car_sign_egg.dir/progress.make' has modification time 379 s in the future
gmake[2]: warning:  Clock skew detected.  Your build may be incomplete.
gmake[2]: Warning: File 'CMakeFiles/car_sign__rosidl_typesupport_introspection_cpp.dir/flags.make' has modification time 379 s in the future
gmake[2]: warning:  Clock skew detected.  Your build may be incomplete.
gmake[2]: Warning: File 'CMakeFiles/car_sign.dir/progress.make' has modification time 379 s in the future
gmake[2]: warning:  Clock skew detected.  Your build may be incomplete.
gmake[2]: Warning: File 'CMakeFiles/car_sign.dir/progress.make' has modification time 379 s in the future
gmake[2]: warning:  Clock skew detected.  Your build may be incomplete.
gmake[2]: Warning: File 'car_sign__py/CMakeFiles/car_sign__py.dir/progress.make' has modification time 378 s in the future
gmake[2]: warning:  Clock skew detected.  Your build may be incomplete.
gmake[2]: Warning: File 'car_sign__py/CMakeFiles/car_sign__py.dir/progress.make' has modification time 378 s in the future
gmake[2]: warning:  Clock skew detected.  Your build may be incomplete.
gmake[2]: Warning: File 'CMakeFiles/car_sign__rosidl_generator_py.dir/flags.make' has modification time 378 s in the future
gmake[2]: warning:  Clock skew detected.  Your build may be incomplete.
gmake[2]: Warning: File 'CMakeFiles/car_sign__rosidl_generator_py.dir/flags.make' has modification time 378 s in the future
gmake[2]: warning:  Clock skew detected.  Your build may be incomplete.
gmake[2]: Warning: File 'CMakeFiles/car_sign__rosidl_typesupport_c__pyext.dir/flags.make' has modification time 378 s in the future
gmake[2]: Warning: File 'CMakeFiles/car_sign__rosidl_typesupport_introspection_c__pyext.dir/flags.make' has modification time 378 s in the future
gmake[2]: Warning: File 'CMakeFiles/car_sign__rosidl_typesupport_fastrtps_c__pyext.dir/flags.make' has modification time 378 s in the future
gmake[2]: warning:  Clock skew detected.  Your build may be incomplete.
gmake[2]: warning:  Clock skew detected.  Your build may be incomplete.
gmake[2]: Warning: File 'CMakeFiles/car_sign__rosidl_typesupport_introspection_c__pyext.dir/flags.make' has modification time 378 s in the future
gmake[2]: warning:  Clock skew detected.  Your build may be incomplete.
gmake[2]: warning:  Clock skew detected.  Your build may be incomplete.
gmake[2]: Warning: File 'CMakeFiles/car_sign__rosidl_typesupport_fastrtps_c__pyext.dir/flags.make' has modification time 378 s in the future
gmake[2]: warning:  Clock skew detected.  Your build may be incomplete.
gmake[2]: Warning: File 'CMakeFiles/car_sign__rosidl_typesupport_c__pyext.dir/flags.make' has modification time 378 s in the future
gmake[2]: warning:  Clock skew detected.  Your build may be incomplete.
gmake[2]: warning:  Clock skew detected.  Your build may be incomplete.
gmake[1]: warning:  Clock skew detected.  Your build may be incomplete.
gmake: warning:  Clock skew detected.  Your build may be incomplete.
